GROUP,PACKAGE,CLASS,INSTRUCTION_MISSED,INSTRUCTION_COVERED,BRANCH_MISSED,BRANCH_COVERED,LINE_MISSED,LINE_COVERED,COMPLEXITY_MISSED,COMPLEXITY_COVERED,METHOD_MISSED,METHOD_COVERED
Pay My Buddy,com.paymybuddy.pmb.service.implementation,UserServiceImpl,67,12,0,0,17,5,3,1,3,1
Pay My Buddy,com.paymybuddy.pmb.service.implementation,TransactionServiceImpl,219,18,18,0,49,6,13,2,4,2
Pay My Buddy,com.paymybuddy.pmb.service.implementation,ConnectionServiceImpl,51,9,6,0,11,4,4,1,1,1
Pay My Buddy,com.paymybuddy.pmb.service.implementation,ProfileServiceImpl,46,9,4,0,11,4,4,1,2,1
Pay My Buddy,com.paymybuddy.pmb,PayMyBuddyApplication,5,3,0,0,2,1,1,1,1,1
Pay My Buddy,com.paymybuddy.pmb.controller,ProfileController,7,56,0,2,2,15,0,5,0,4
Pay My Buddy,com.paymybuddy.pmb.controller,UserController,0,68,0,4,0,19,0,7,0,5
Pay My Buddy,com.paymybuddy.pmb.controller,DashboardController,14,116,0,4,4,27,0,7,0,5
Pay My Buddy,com.paymybuddy.pmb.controller,ConnectionController,7,52,0,2,2,14,0,5,0,4
